-----------------
Iniciando corrida: 01/11/2009 10:24:43
Método de Selección: Elitista / Ruleta.
Método de Cruza: Simple.
Método de Mutación: Simple.
Mejor Fitness posible: 57.5
Tasa de Cruzamientos: 0,5
Tasa de Mutación: 0,4
Tamaño de Población: 50
Generaciones: 2000
Resultados:

Generationes Creadas: 2000
Mejor (-31,5): [-33,07; 35,84; 34,08; 5,68; 52,52; 698,97; ]
Peor (-56,5): [17,60; 23,77; 44,15; 6,86; 35,65; 942,22; ]
-----------------
Iniciando corrida: 01/11/2009 10:25:50
Método de Selección: Elitista / Ruleta.
Método de Cruza: Simple.
Método de Mutación: Simple.
Mejor Fitness posible: 57.5
Tasa de Cruzamientos: 0,9
Tasa de Mutación: 0,1
Tamaño de Población: 100
Generaciones: 2000
Resultados:

Generationes Creadas: 2000
Mejor (27,5): [-55,63; 46,27; 0,65; 7,66; 1,83; 689,54; ]
Peor (-12,5): [-53,29; 44,56; 50,25; 7,12; 1,83; 627,93; ]
-----------------
Iniciando corrida: 01/11/2009 10:26:01
Método de Selección: Elitista / Ruleta.
Método de Cruza: Simple.
Método de Mutación: Simple.
Mejor Fitness posible: 57.5
Tasa de Cruzamientos: 0,9
Tasa de Mutación: 0,1
Tamaño de Población: 100
Generaciones: 2000
Resultados:

Generationes Creadas: 2000
Mejor (37,5): [-51,79; 1,81; 66,22; 7,77; 1,30; 698,86; ]
Peor (-1,5): [-11,75; 1,81; 66,22; 6,64; 1,30; 906,64; ]
-----------------
Iniciando corrida: 01/11/2009 10:26:07
Método de Selección: Elitista / Ruleta.
Método de Cruza: Simple.
Método de Mutación: Simple.
Mejor Fitness posible: 57.5
Tasa de Cruzamientos: 0,9
Tasa de Mutación: 0,1
Tamaño de Población: 100
Generaciones: 2000
Resultados:

Generationes Creadas: 2000
Mejor (27,5): [-53,73; 19,30; 0,31; 7,71; 0,64; 651,43; ]
Peor (-24): [-3,40; 48,73; 0,31; 7,18; 0,64; 734,14; ]
